<?xml version="1.0" encoding="utf-8"?><testsuites name="pytest tests"><testsuite name="pytest" errors="0" failures="1" skipped="2" tests="4" time="0.432" timestamp="2026-07-06T08:18:12.465574+00:00" hostname="agent-env-1d05ca29-a64a-4e13-b25b-63bb239d5149"><testcase classname="tests.test_cache_invalidation" name="test_full_scan_invalidates_stale_error_cache" time="0.284"><failure message="AssertionError: Stale error cache was NOT invalidated&#10;assert not (5 == 5 and '0%' == '0%'&#10; +  where 5 = &lt;built-in method get of dict object at 0xfcd7912f72c0&gt;('overall_score')&#10; +    where &lt;built-in method get of dict object at 0xfcd7912f72c0&gt; = {'beneficial_ingredients': [], 'harmful_ingredients': [], 'overall_score': 5, 'processing_category': 'Unknown', ...}.get&#10;  &#10;    0% and 'unknown' == 'unknown'&#10;  &#10;    unknown)">tests/test_cache_invalidation.py:86: in test_full_scan_invalidates_stale_error_cache
    assert not (
E   AssertionError: Stale error cache was NOT invalidated
E   assert not (5 == 5 and '0%' == '0%'
E    +  where 5 = &lt;built-in method get of dict object at 0xfcd7912f72c0&gt;('overall_score')
E    +    where &lt;built-in method get of dict object at 0xfcd7912f72c0&gt; = {'beneficial_ingredients': [], 'harmful_ingredients': [], 'overall_score': 5, 'processing_category': 'Unknown', ...}.get
E     
E       0% and 'unknown' == 'unknown'
E     
E       unknown)</failure></testcase><testcase classname="tests.test_cache_invalidation" name="test_quick_scan_invalidates_stale_error_cache" time="0.006" /><testcase classname="tests.test_cache_invalidation" name="test_failed_ai_analysis_is_not_cached" time="0.002"><skipped type="pytest.skip" message="Product not resolvable from OFF/USDA — cannot test AI cache path">/app/backend/tests/test_cache_invalidation.py:153: Product not resolvable from OFF/USDA — cannot test AI cache path</skipped></testcase><testcase classname="tests.test_cache_invalidation" name="test_error_fallback_shape_in_response" time="0.002"><skipped type="pytest.skip" message="scan returned 404 — cannot inspect fallback">/app/backend/tests/test_cache_invalidation.py:173: scan returned 404 — cannot inspect fallback</skipped></testcase></testsuite></testsuites>