<?xml version="1.0" encoding="utf-8"?><testsuites name="pytest tests"><testsuite name="pytest" errors="0" failures="1" skipped="0" tests="15" time="3.599" timestamp="2026-07-06T08:19:27.583063+00:00" hostname="agent-env-1d05ca29-a64a-4e13-b25b-63bb239d5149"><testcase classname="tests.test_cache_invalidation" name="test_full_scan_invalidates_stale_error_cache" time="1.949"><failure message="AssertionError: Stale error cache was NOT invalidated&#10;assert not (5 == 5 and '0%' == '0%'&#10; +  where 5 = &lt;built-in method get of dict object at 0xfedbbc9332c0&gt;('overall_score')&#10; +    where &lt;built-in method get of dict object at 0xfedbbc9332c0&gt; = {'beneficial_ingredients': [], 'harmful_ingredients': [], 'overall_score': 5, 'processing_category': 'Unknown', ...}.get&#10;  &#10;    0% and 'unknown' == 'unknown'&#10;  &#10;    unknown)">tests/test_cache_invalidation.py:86: in test_full_scan_invalidates_stale_error_cache
    assert not (
E   AssertionError: Stale error cache was NOT invalidated
E   assert not (5 == 5 and '0%' == '0%'
E    +  where 5 = &lt;built-in method get of dict object at 0xfedbbc9332c0&gt;('overall_score')
E    +    where &lt;built-in method get of dict object at 0xfedbbc9332c0&gt; = {'beneficial_ingredients': [], 'harmful_ingredients': [], 'overall_score': 5, 'processing_category': 'Unknown', ...}.get
E     
E       0% and 'unknown' == 'unknown'
E     
E       unknown)</failure></testcase><testcase classname="tests.test_cache_invalidation" name="test_quick_scan_invalidates_stale_error_cache" time="0.005" /><testcase classname="tests.test_cache_invalidation" name="test_failed_ai_analysis_is_not_cached" time="0.543" /><testcase classname="tests.test_cache_invalidation" name="test_error_fallback_shape_in_response" time="0.969" /><testcase classname="tests.test_scoring_rules" name="test_zero_upf_should_not_score_5" time="0.000" /><testcase classname="tests.test_scoring_rules" name="test_zero_upf_processed_category_contradiction" time="0.000" /><testcase classname="tests.test_scoring_rules" name="test_zero_upf_whole_food" time="0.000" /><testcase classname="tests.test_scoring_rules" name="test_error_fallback_not_misleading" time="0.000" /><testcase classname="tests.test_scoring_rules" name="test_carcinogen_always_1" time="0.000" /><testcase classname="tests.test_scoring_rules" name="test_ultra_processed_max_3" time="0.000" /><testcase classname="tests.test_scoring_rules" name="test_clean_3_ingredients_minimum_8" time="0.000" /><testcase classname="tests.test_scoring_rules" name="test_processed_with_high_upf_capped_at_5" time="0.000" /><testcase classname="tests.test_scoring_rules" name="test_ten_percent_upf_still_gets_boost" time="0.000" /><testcase classname="tests.test_scoring_rules" name="test_upf_15_percent_stays_capped" time="0.000" /><testcase classname="tests.test_scoring_rules" name="test_minimally_processed_boost" time="0.000" /></testsuite></testsuites>