<?xml version="1.0" encoding="utf-8"?><testsuites name="pytest tests"><testsuite name="pytest" errors="0" failures="0" skipped="0" tests="4" time="0.845" timestamp="2026-07-12T14:27:42.811905+00:00" hostname="agent-env-1d05ca29-a64a-4e13-b25b-63bb239d5149"><testcase classname="backend.tests.test_production_nova4_fix" name="test_philadelphia_is_ultra_processed_and_low_score" time="0.491" /><testcase classname="backend.tests.test_production_nova4_fix" name="test_babybel_light_high_score_not_ultra" time="0.100" /><testcase classname="backend.tests.test_production_nova4_fix" name="test_peters_yard_crackers_high_score" time="0.099" /><testcase classname="backend.tests.test_production_nova4_fix" name="test_welchs_fruit_snacks_ultra_processed_low" time="0.099" /></testsuite></testsuites>