<?xml version="1.0" encoding="utf-8"?><testsuites name="pytest tests"><testsuite name="pytest" errors="0" failures="0" skipped="0" tests="11" time="0.015" timestamp="2026-07-06T08:17:11.953341+00:00" hostname="agent-env-1d05ca29-a64a-4e13-b25b-63bb239d5149"><testcase classname="tests.test_scoring_rules" name="test_zero_upf_should_not_score_5" time="0.000" /><testcase classname="tests.test_scoring_rules" name="test_zero_upf_processed_category_contradiction" time="0.000" /><testcase classname="tests.test_scoring_rules" name="test_zero_upf_whole_food" time="0.000" /><testcase classname="tests.test_scoring_rules" name="test_error_fallback_not_misleading" time="0.000" /><testcase classname="tests.test_scoring_rules" name="test_carcinogen_always_1" time="0.000" /><testcase classname="tests.test_scoring_rules" name="test_ultra_processed_max_3" time="0.000" /><testcase classname="tests.test_scoring_rules" name="test_clean_3_ingredients_minimum_8" time="0.000" /><testcase classname="tests.test_scoring_rules" name="test_processed_with_high_upf_capped_at_5" time="0.000" /><testcase classname="tests.test_scoring_rules" name="test_ten_percent_upf_still_gets_boost" time="0.000" /><testcase classname="tests.test_scoring_rules" name="test_upf_15_percent_stays_capped" time="0.000" /><testcase classname="tests.test_scoring_rules" name="test_minimally_processed_boost" time="0.000" /></testsuite></testsuites>